2023-09-24 14:54:40 Loading main app package /nix/store/syh4xd8rplzs2hqqfp18nncg7l58sq2v-obsidian-1.4.13/share/obsidian/obsidian.asar
2023-09-24 14:54:43 Checking for update using Github
2023-09-24 14:54:45 Success.
2023-09-24 14:54:45 Latest version is 1.4.13
2023-09-24 14:54:45 App is up to date.
2023-09-24 15:38:23 Loading main app package /nix/store/syh4xd8rplzs2hqqfp18nncg7l58sq2v-obsidian-1.4.13/share/obsidian/obsidian.asar
2023-09-24 15:38:25 Checking for update using Github
2023-09-24 15:38:28 Success.
2023-09-24 15:38:28 Latest version is 1.4.13
2023-09-24 15:38:28 App is up to date.
2023-09-24 15:38:35 Loading main app package /nix/store/syh4xd8rplzs2hqqfp18nncg7l58sq2v-obsidian-1.4.13/share/obsidian/obsidian.asar
2023-09-24 15:38:36 Checking for update using Github
2023-09-24 16:38:23 Checking for update using Github
2023-09-24 16:38:23 Success.
2023-09-24 16:38:23 Latest version is 1.4.13
2023-09-24 16:38:23 App is up to date.
2023-09-24 17:38:23 Checking for update using Github
2023-09-24 17:38:23 Success.
2023-09-24 17:38:23 Latest version is 1.4.13
2023-09-24 17:38:23 App is up to date.
2023-09-24 18:38:23 Checking for update using Github
2023-09-24 18:38:23 Success.
2023-09-24 18:38:23 Latest version is 1.4.13
2023-09-24 18:38:23 App is up to date.
2023-09-24 19:38:23 Checking for update using Github
2023-09-24 19:38:23 Success.
2023-09-24 19:38:23 Latest version is 1.4.13
2023-09-24 19:38:23 App is up to date.
2023-09-24 20:38:23 Checking for update using Github
2023-09-24 20:38:23 Success.
2023-09-24 20:38:23 Latest version is 1.4.13
2023-09-24 20:38:23 App is up to date.
2023-09-24 21:38:23 Checking for update using Github
2023-09-24 21:38:23 Success.
2023-09-24 21:38:23 Latest version is 1.4.13
2023-09-24 21:38:23 App is up to date.
2023-09-24 22:38:23 Checking for update using Github
2023-09-24 22:38:23 Success.
2023-09-24 22:38:23 Latest version is 1.4.13
2023-09-24 22:38:23 App is up to date.
2023-09-24 23:38:23 Checking for update using Github
2023-09-24 23:38:24 Success.
2023-09-24 23:38:24 Latest version is 1.4.13
2023-09-24 23:38:24 App is up to date.
2023-09-25 00:38:24 Checking for update using Github
2023-09-25 00:38:24 Success.
2023-09-25 00:38:24 Latest version is 1.4.13
2023-09-25 00:38:24 App is up to date.
2023-09-25 01:38:24 Checking for update using Github
2023-09-25 01:38:24 Success.
2023-09-25 01:38:24 Latest version is 1.4.13
2023-09-25 01:38:24 App is up to date.
2023-09-25 02:38:24 Checking for update using Github
2023-09-25 02:38:24 Success.
2023-09-25 02:38:24 Latest version is 1.4.13
2023-09-25 02:38:24 App is up to date.
2023-09-25 03:38:24 Checking for update using Github
2023-09-25 03:38:24 Success.
2023-09-25 03:38:24 Latest version is 1.4.13
2023-09-25 03:38:24 App is up to date.
2023-09-25 04:38:24 Checking for update using Github
2023-09-25 04:38:24 Success.
2023-09-25 04:38:24 Latest version is 1.4.13
2023-09-25 04:38:24 App is up to date.
2023-09-25 05:38:24 Checking for update using Github
2023-09-25 05:38:24 Success.
2023-09-25 05:38:24 Latest version is 1.4.13
2023-09-25 05:38:24 App is up to date.
2023-09-25 06:38:24 Checking for update using Github
2023-09-25 06:38:24 Failed to check for update using Github (net::ERR_INTERNET_DISCONNECTED)
2023-09-25 06:38:24 Checking for update using obsidian.md
2023-09-25 06:38:24 Failed to check for update using obsidian.md (net::ERR_INTERNET_DISCONNECTED)
2023-09-25 07:38:24 Checking for update using Github
2023-09-25 07:38:24 Failed to check for update using Github (net::ERR_INTERNET_DISCONNECTED)
2023-09-25 07:38:24 Checking for update using obsidian.md
2023-09-25 07:38:24 Failed to check for update using obsidian.md (net::ERR_INTERNET_DISCONNECTED)
2023-09-25 09:31:15 Checking for update using Github
2023-09-25 09:31:15 Success.
2023-09-25 09:31:15 Latest version is 1.4.13
2023-09-25 09:31:15 App is up to date.
2023-09-25 10:31:15 Checking for update using Github
2023-09-25 10:31:15 Success.
2023-09-25 10:31:15 Latest version is 1.4.13
2023-09-25 10:31:15 App is up to date.
2023-09-25 11:31:15 Checking for update using Github
2023-09-25 11:31:15 Success.
2023-09-25 11:31:15 Latest version is 1.4.13
2023-09-25 11:31:15 App is up to date.
2023-09-25 12:31:15 Checking for update using Github
2023-09-25 12:31:15 Success.
2023-09-25 12:31:15 Latest version is 1.4.13
2023-09-25 12:31:15 App is up to date.
2023-09-25 13:31:15 Checking for update using Github
2023-09-25 13:31:15 Success.
2023-09-25 13:31:15 Latest version is 1.4.13
2023-09-25 13:31:15 App is up to date.
2023-09-25 14:31:16 Checking for update using Github
2023-09-25 14:31:16 Failed to check for update using Github (net::ERR_INTERNET_DISCONNECTED)
2023-09-25 14:31:16 Checking for update using obsidian.md
2023-09-25 14:31:16 Failed to check for update using obsidian.md (net::ERR_INTERNET_DISCONNECTED)
2023-09-25 15:31:16 Checking for update using Github
2023-09-25 15:31:16 Failed to check for update using Github (net::ERR_INTERNET_DISCONNECTED)
2023-09-25 15:31:16 Checking for update using obsidian.md
2023-09-25 15:31:16 Failed to check for update using obsidian.md (net::ERR_INTERNET_DISCONNECTED)
2023-09-25 16:31:16 Checking for update using Github
2023-09-25 16:31:16 Success.
2023-09-25 16:31:16 Latest version is 1.4.13
2023-09-25 16:31:16 App is up to date.
2023-09-25 17:31:16 Checking for update using Github
2023-09-25 17:31:22 Success.
2023-09-25 17:31:22 Latest version is 1.4.13
2023-09-25 17:31:22 App is up to date.
2023-09-25 18:31:16 Checking for update using Github
2023-09-25 18:31:17 Success.
2023-09-25 18:31:17 Latest version is 1.4.13
2023-09-25 18:31:17 App is up to date.
2023-09-25 19:31:16 Checking for update using Github
2023-09-25 19:31:16 Success.
2023-09-25 19:31:16 Latest version is 1.4.13
2023-09-25 19:31:16 App is up to date.
2023-09-25 20:31:16 Checking for update using Github
2023-09-25 20:31:17 Success.
2023-09-25 20:31:17 Latest version is 1.4.13
2023-09-25 20:31:17 App is up to date.
2023-09-25 21:31:16 Checking for update using Github
2023-09-25 21:31:16 Success.
2023-09-25 21:31:16 Latest version is 1.4.13
2023-09-25 21:31:16 App is up to date.
2023-09-25 22:31:16 Checking for update using Github
2023-09-25 22:31:16 Failed to check for update using Github (net::ERR_INTERNET_DISCONNECTED)
2023-09-25 22:31:16 Checking for update using obsidian.md
2023-09-25 22:31:16 Failed to check for update using obsidian.md (net::ERR_INTERNET_DISCONNECTED)
2023-09-25 23:31:16 Checking for update using Github
2023-09-25 23:31:16 Failed to check for update using Github (net::ERR_INTERNET_DISCONNECTED)
2023-09-25 23:31:16 Checking for update using obsidian.md
2023-09-25 23:31:16 Failed to check for update using obsidian.md (net::ERR_INTERNET_DISCONNECTED)
2023-09-26 00:31:17 Checking for update using Github
2023-09-26 00:31:17 Failed to check for update using Github (net::ERR_INTERNET_DISCONNECTED)
2023-09-26 00:31:17 Checking for update using obsidian.md
2023-09-26 00:31:17 Failed to check for update using obsidian.md (net::ERR_INTERNET_DISCONNECTED)
2023-09-26 01:31:17 Checking for update using Github
2023-09-26 01:31:17 Failed to check for update using Github (net::ERR_INTERNET_DISCONNECTED)
2023-09-26 01:31:17 Checking for update using obsidian.md
2023-09-26 01:31:17 Failed to check for update using obsidian.md (net::ERR_INTERNET_DISCONNECTED)
2023-09-26 02:31:17 Checking for update using Github
2023-09-26 02:31:17 Failed to check for update using Github (net::ERR_INTERNET_DISCONNECTED)
2023-09-26 02:31:17 Checking for update using obsidian.md
2023-09-26 02:31:17 Failed to check for update using obsidian.md (net::ERR_INTERNET_DISCONNECTED)
2023-09-26 03:31:17 Checking for update using Github
2023-09-26 03:31:17 Success.
2023-09-26 03:31:17 Latest version is 1.4.13
2023-09-26 03:31:17 App is up to date.
2023-09-26 04:31:18 Checking for update using Github
2023-09-26 04:31:29 Success.
2023-09-26 04:31:29 Latest version is 1.4.13
2023-09-26 04:31:29 App is up to date.
2023-10-02 20:46:33 Loading main app package /nix/store/syh4xd8rplzs2hqqfp18nncg7l58sq2v-obsidian-1.4.13/share/obsidian/obsidian.asar
2023-10-02 20:46:36 Checking for update using Github
2023-10-02 20:46:38 Success.
2023-10-02 20:46:38 Latest version is 1.4.14
2023-10-02 20:46:38 Downloading update from https://github.com/obsidianmd/obsidian-releases/releases/download/v1.4.14/obsidian-1.4.14.asar.gz
2023-10-02 20:46:40 Verifying hash & signature. Size= 8393737
2023-10-02 20:46:40 Saving file
2023-10-02 20:46:43 Update complete.
2023-10-03 11:16:24 Loading updated app package /home/daru/.config/obsidian/obsidian-1.4.14.asar
2023-10-03 11:16:26 Checking for update using Github
2023-10-03 11:16:27 Success.
2023-10-03 11:16:27 Latest version is 1.4.14
2023-10-03 11:16:27 App is up to date.
2023-10-03 12:16:24 Checking for update using Github
2023-10-03 12:16:25 Success.
2023-10-03 12:16:25 Latest version is 1.4.14
2023-10-03 12:16:25 App is up to date.
2023-10-03 13:16:25 Checking for update using Github
2023-10-03 13:16:25 Success.
2023-10-03 13:16:25 Latest version is 1.4.14
2023-10-03 13:16:25 App is up to date.
2023-10-03 14:50:31 Checking for update using Github
2023-10-03 14:50:32 Success.
2023-10-03 14:50:32 Latest version is 1.4.14
2023-10-03 14:50:32 App is up to date.
2023-10-03 15:50:31 Checking for update using Github
2023-10-03 15:50:32 Success.
2023-10-03 15:50:32 Latest version is 1.4.14
2023-10-03 15:50:32 App is up to date.
2023-10-03 16:50:32 Checking for update using Github
2023-10-03 16:50:32 Success.
2023-10-03 16:50:32 Latest version is 1.4.14
2023-10-03 16:50:32 App is up to date.
2023-10-03 17:50:32 Checking for update using Github
2023-10-03 17:50:32 Success.
2023-10-03 17:50:32 Latest version is 1.4.14
2023-10-03 17:50:32 App is up to date.
2023-10-03 18:50:32 Checking for update using Github
2023-10-03 18:50:32 Failed to check for update using Github (net::ERR_INTERNET_DISCONNECTED)
2023-10-03 18:50:32 Checking for update using obsidian.md
2023-10-03 18:50:32 Failed to check for update using obsidian.md (net::ERR_INTERNET_DISCONNECTED)
2023-10-03 19:50:32 Checking for update using Github
2023-10-03 19:50:32 Failed to check for update using Github (net::ERR_INTERNET_DISCONNECTED)
2023-10-03 19:50:32 Checking for update using obsidian.md
2023-10-03 19:50:32 Failed to check for update using obsidian.md (net::ERR_INTERNET_DISCONNECTED)
2023-10-03 20:50:32 Checking for update using Github
2023-10-03 20:50:33 Success.
2023-10-03 20:50:33 Latest version is 1.4.14
2023-10-03 20:50:33 App is up to date.
2023-10-04 12:11:09 Loading updated app package /home/daru/.config/obsidian/obsidian-1.4.14.asar
2023-10-04 12:11:10 Checking for update using Github
2023-10-04 12:11:11 Success.
2023-10-04 12:11:11 Latest version is 1.4.14
2023-10-04 12:11:11 App is up to date.
2023-10-04 17:52:58 Checking for update using Github
2023-10-04 17:52:58 Success.
2023-10-04 17:52:58 Latest version is 1.4.14
2023-10-04 17:52:58 App is up to date.
2023-10-05 08:41:08 Checking for update using Github
2023-10-05 08:41:08 Success.
2023-10-05 08:41:08 Latest version is 1.4.14
2023-10-05 08:41:08 App is up to date.
2023-10-05 09:41:08 Checking for update using Github
2023-10-05 09:41:08 Success.
2023-10-05 09:41:08 Latest version is 1.4.14
2023-10-05 09:41:08 App is up to date.
2023-10-05 10:41:08 Checking for update using Github
2023-10-05 10:41:08 Success.
2023-10-05 10:41:08 Latest version is 1.4.14
2023-10-05 10:41:08 App is up to date.
2023-10-06 12:10:30 Loading updated app package /home/daru/.config/obsidian/obsidian-1.4.14.asar
2023-10-06 12:10:33 Checking for update using Github
2023-10-06 12:10:35 Success.
2023-10-06 12:10:35 Latest version is 1.4.14
2023-10-06 12:10:35 App is up to date.
2023-10-06 13:10:31 Checking for update using Github
2023-10-06 13:10:31 Success.
2023-10-06 13:10:31 Latest version is 1.4.14
2023-10-06 13:10:31 App is up to date.
2023-10-06 14:10:31 Checking for update using Github
2023-10-06 14:10:31 Success.
2023-10-06 14:10:31 Latest version is 1.4.14
2023-10-06 14:10:31 App is up to date.
2023-10-06 15:10:31 Checking for update using Github
2023-10-06 15:10:31 Success.
2023-10-06 15:10:31 Latest version is 1.4.14
2023-10-06 15:10:31 App is up to date.
2023-10-06 16:10:31 Checking for update using Github
2023-10-06 16:10:31 Success.
2023-10-06 16:10:31 Latest version is 1.4.14
2023-10-06 16:10:31 App is up to date.
2023-10-06 17:10:31 Checking for update using Github
2023-10-06 17:10:31 Success.
2023-10-06 17:10:31 Latest version is 1.4.14
2023-10-06 17:10:31 App is up to date.
2023-10-06 18:10:31 Checking for update using Github
2023-10-06 18:10:31 Success.
2023-10-06 18:10:31 Latest version is 1.4.14
2023-10-06 18:10:31 App is up to date.
2023-10-06 19:10:31 Checking for update using Github
2023-10-06 19:10:31 Success.
2023-10-06 19:10:31 Latest version is 1.4.14
2023-10-06 19:10:31 App is up to date.
2023-10-06 20:10:31 Checking for update using Github
2023-10-06 20:10:31 Success.
2023-10-06 20:10:31 Latest version is 1.4.14
2023-10-06 20:10:31 App is up to date.
2023-10-06 21:10:31 Checking for update using Github
2023-10-06 21:10:31 Success.
2023-10-06 21:10:31 Latest version is 1.4.14
2023-10-06 21:10:31 App is up to date.
2023-10-06 22:10:31 Checking for update using Github
2023-10-06 22:10:32 Success.
2023-10-06 22:10:32 Latest version is 1.4.14
2023-10-06 22:10:32 App is up to date.
2023-10-06 23:10:32 Checking for update using Github
2023-10-06 23:10:32 Success.
2023-10-06 23:10:32 Latest version is 1.4.14
2023-10-06 23:10:32 App is up to date.
2023-10-07 00:10:32 Checking for update using Github
2023-10-07 00:10:32 Success.
2023-10-07 00:10:32 Latest version is 1.4.14
2023-10-07 00:10:32 App is up to date.
2023-10-07 01:10:32 Checking for update using Github
2023-10-07 01:10:32 Success.
2023-10-07 01:10:32 Latest version is 1.4.14
2023-10-07 01:10:32 App is up to date.
2023-10-07 02:10:32 Checking for update using Github
2023-10-07 02:10:32 Success.
2023-10-07 02:10:32 Latest version is 1.4.14
2023-10-07 02:10:32 App is up to date.
2023-10-07 03:10:32 Checking for update using Github
2023-10-07 03:10:32 Success.
2023-10-07 03:10:32 Latest version is 1.4.14
2023-10-07 03:10:32 App is up to date.
2023-10-07 04:10:32 Checking for update using Github
2023-10-07 04:10:32 Success.
2023-10-07 04:10:32 Latest version is 1.4.14
2023-10-07 04:10:32 App is up to date.
2023-10-07 05:10:32 Checking for update using Github
2023-10-07 05:10:32 Success.
2023-10-07 05:10:32 Latest version is 1.4.14
2023-10-07 05:10:32 App is up to date.
2023-10-07 06:10:32 Checking for update using Github
2023-10-07 06:10:33 Success.
2023-10-07 06:10:33 Latest version is 1.4.14
2023-10-07 06:10:33 App is up to date.
2023-10-07 07:10:32 Checking for update using Github
2023-10-07 07:10:33 Success.
2023-10-07 07:10:33 Latest version is 1.4.14
2023-10-07 07:10:33 App is up to date.
2023-10-07 08:10:32 Checking for update using Github
2023-10-07 08:10:33 Success.
2023-10-07 08:10:33 Latest version is 1.4.14
2023-10-07 08:10:33 App is up to date.
2023-10-07 09:10:33 Checking for update using Github
2023-10-07 09:10:34 Success.
2023-10-07 09:10:34 Latest version is 1.4.14
2023-10-07 09:10:34 App is up to date.
2023-10-07 10:10:33 Checking for update using Github
2023-10-07 10:10:33 Success.
2023-10-07 10:10:33 Latest version is 1.4.14
2023-10-07 10:10:33 App is up to date.
2023-10-07 11:10:33 Checking for update using Github
2023-10-07 11:10:33 Success.
2023-10-07 11:10:33 Latest version is 1.4.14
2023-10-07 11:10:33 App is up to date.
2023-10-07 13:56:01 Checking for update using Github
2023-10-07 13:56:02 Success.
2023-10-07 13:56:02 Latest version is 1.4.14
2023-10-07 13:56:02 App is up to date.
2023-10-07 14:56:01 Checking for update using Github
2023-10-07 14:56:26 Failed to check for update using Github (net::ERR_NAME_NOT_RESOLVED)
2023-10-07 14:56:27 Checking for update using obsidian.md
2023-10-07 14:57:07 Failed to check for update using obsidian.md (net::ERR_NAME_NOT_RESOLVED)
2023-10-07 15:56:02 Checking for update using Github
2023-10-07 15:56:02 Success.
2023-10-07 15:56:02 Latest version is 1.4.14
2023-10-07 15:56:02 App is up to date.
2023-10-07 16:56:02 Checking for update using Github
2023-10-07 16:56:02 Failed to check for update using Github (net::ERR_INTERNET_DISCONNECTED)
2023-10-07 16:56:02 Checking for update using obsidian.md
2023-10-07 16:56:02 Failed to check for update using obsidian.md (net::ERR_INTERNET_DISCONNECTED)
